<?xml version="1.0" encoding="UTF-8"?>
<testng-results ignored="0" total="1" passed="1" failed="0" skipped="0">
  <reporter-output>
  </reporter-output>
  <suite started-at="2023-06-08T19:20:23 IST" name="Default suite" finished-at="2023-06-08T19:20:41 IST" duration-ms="18214">
    <groups>
    </groups>
    <test started-at="2023-06-08T19:20:23 IST" name="Default test" finished-at="2023-06-08T19:20:41 IST" duration-ms="18214">
      <class name="interviewTest.validate_To_broken_image">
        <test-method signature="Find_broken_image()[pri:0, instance:interviewTest.validate_To_broken_image@5ccddd20]" started-at="2023-06-08T19:20:23 IST" name="Find_broken_image" finished-at="2023-06-08T19:20:41 IST" duration-ms="18179" status="PASS">
          <reporter-output>
          </reporter-output>
        </test-method> <!-- Find_broken_image -->
      </class> <!-- interviewTest.validate_To_broken_image -->
    </test> <!-- Default test -->
  </suite> <!-- Default suite -->
</testng-results>
