<?xml version="1.0" encoding="UTF-8"?>
<testng-results ignored="0" total="1" passed="1" failed="0" skipped="0">
  <reporter-output>
  </reporter-output>
  <suite started-at="2023-06-13T10:20:34 IST" name="Default suite" finished-at="2023-06-13T10:20:41 IST" duration-ms="7100">
    <groups>
    </groups>
    <test started-at="2023-06-13T10:20:34 IST" name="Default test" finished-at="2023-06-13T10:20:41 IST" duration-ms="7100">
      <class name="interviewTest.upload_to_file">
        <test-method signature="upload()[pri:0, instance:interviewTest.upload_to_file@5ccddd20]" started-at="2023-06-13T10:20:34 IST" name="upload" finished-at="2023-06-13T10:20:41 IST" duration-ms="7047" status="PASS">
          <reporter-output>
          </reporter-output>
        </test-method> <!-- upload -->
      </class> <!-- interviewTest.upload_to_file -->
    </test> <!-- Default test -->
  </suite> <!-- Default suite -->
</testng-results>
